<?xml version="1.0" encoding="UTF-8"?>
<!-- Generated by org.testng.reporters.JUnitXMLReporter -->
<testsuite ignored="0" hostname="SwamiNaidu" failures="2" tests="9" name="Test" time="21.219" errors="0" timestamp="2023-02-02T16:29:03 IST">
  <testcase classname="scripts.PhpTravels_HomePage_Test" name="verifyHomePage" time="0.308"/>
  <testcase classname="scripts.PhpTravels_HomePage_Test" name="verifyFeaturesDropdown" time="0.449"/>
  <testcase classname="scripts.PhpTravels_HomePage_Test" name="verifyIntegrationsDropdown" time="0.224">
    <failure type="java.lang.AssertionError" message="Integrations options not found expected [true] but found [false]">
      <![CDATA[java.lang.AssertionError: Integrations options not found expected [true] but found [false]
at scripts.PhpTravels_HomePage_Test.verifyIntegrationsDropdown(PhpTravels_HomePage_Test.java:86)
at java.base/java.util.ArrayList.forEach(ArrayList.java:1511)
... Removed 28 stack frames]]>
    </failure>
  </testcase> <!-- verifyIntegrationsDropdown -->
  <testcase classname="scripts.PhpTravels_HomePage_Test" name="verifyHotelsIntegrations" time="0.368"/>
  <testcase classname="scripts.PhpTravels_HomePage_Test" name="verifyFlightsIntegrations" time="0.309"/>
  <testcase classname="scripts.PhpTravels_HomePage_Test" name="verifyToursIntegrations" time="0.31"/>
  <testcase classname="scripts.PhpTravels_HomePage_Test" name="verifyPricingPage" time="0.809"/>
  <testcase classname="scripts.PhpTravels_DemoPage_Test" name="verifyDemoPageFields" time="1.22">
    <failure type="java.lang.AssertionError" message="Failed to open Demo page expected [true] but found [false]">
      <![CDATA[java.lang.AssertionError: Failed to open Demo page expected [true] but found [false]
at scripts.PhpTravels_DemoPage_Test.verifyDemoPageFields(PhpTravels_DemoPage_Test.java:47)
at java.base/java.util.ArrayList.forEach(ArrayList.java:1511)
... Removed 28 stack frames]]>
    </failure>
  </testcase> <!-- verifyDemoPageFields -->
  <testcase classname="scripts.PhpTravels_SignUpPage_Test" name="verifySignUpPage" time="3.662"/>
</testsuite> <!-- Test -->
